[17:41:50] [Server thread/INFO]: Loading properties
[17:41:50] [Server thread/INFO]: Default game type: SURVIVAL
[17:41:50] [Server thread/INFO]: Generating keypair
[17:41:50] [Server thread/INFO]: Starting Minecraft server on *:25565
[17:41:50] [Server thread/INFO]: Using default channel type
[17:41:50] [Server thread/INFO]: This server is running CraftBukkit version git-Bukkit-809c399 (MC: 1.12.2) (Implementing API version 1.12.2-R0.1-SNAPSHOT)
[17:41:51] [Server thread/INFO]: [[IGSpawners]] Loading IGSpawners v1.0
[17:41:51] [Server thread/INFO]: Preparing level "world"
[17:41:51] [Server thread/INFO]: Preparing start region for level 0 (Seed: -6816110133522607082)
[17:41:52] [Server thread/INFO]: Preparing spawn area: 23%
[17:41:53] [Server thread/INFO]: Preparing spawn area: 84%
[17:41:54] [Server thread/INFO]: Preparing start region for level 1 (Seed: -6816110133522607082)
[17:41:54] [Server thread/INFO]: Preparing start region for level 2 (Seed: -6816110133522607082)
[17:41:55] [Server thread/INFO]: [[IGSpawners]] Enabling IGSpawners v1.0
[17:41:55] [Server thread/INFO]: {"spawners":[]}
[17:41:55] [Server thread/INFO]: Server permissions file permissions.yml is empty, ignoring it
[17:41:55] [Server thread/INFO]: Done (4,522s)! For help, type "help" or "?"
[17:42:02] [Server thread/INFO]: CONSOLE: [0;31;1mPlease note that this command is not supported and may cause issues when using some plugins.[m
[17:42:02] [Server thread/INFO]: CONSOLE: [0;31;1mIf you encounter any issues please use the /stop command to restart your server.[m
[17:42:02] [Server thread/INFO]: [[IGSpawners]] Disabling IGSpawners v1.0
[17:42:02] [Server thread/INFO]: [[IGSpawners]] Loading IGSpawners v1.0
[17:42:02] [Server thread/INFO]: [[IGSpawners]] Enabling IGSpawners v1.0
[17:42:02] [Server thread/INFO]: {"spawners":[]}
[17:42:02] [Server thread/INFO]: Server permissions file permissions.yml is empty, ignoring it
[17:42:02] [Server thread/INFO]: CONSOLE: [0;32;1mReload complete.[m
[17:42:55] [User Authenticator #1/INFO]: UUID of player MGlolenstine is a6804638-dc5e-404d-b050-60bc37e4ce1e
[17:42:55] [Server thread/INFO]: MGlolenstine[/127.0.0.1:51321] logged in with entity id 305 at ([world]263.8479217731291, 70.0, 249.90213044030637)
[17:43:07] [Server thread/INFO]: spawner_level: 3
[17:43:07] [Server thread/INFO]: Added spawner!
[17:43:08] [Server thread/ERROR]: Could not pass event CreatureSpawnEvent to IGSpawners v1.0
org.bukkit.event.EventException: null
	at org.bukkit.plugin.java.JavaPluginLoader$1.execute(JavaPluginLoader.java:298) ~[craftbukkit-1.12.2.jar:git-Bukkit-809c399]
	at org.bukkit.plugin.RegisteredListener.callEvent(RegisteredListener.java:62) ~[craftbukkit-1.12.2.jar:git-Bukkit-809c399]
	at org.bukkit.plugin.SimplePluginManager.fireEvent(SimplePluginManager.java:499) [craftbukkit-1.12.2.jar:git-Bukkit-809c399]
	at org.bukkit.plugin.SimplePluginManager.callEvent(SimplePluginManager.java:484) [craftbukkit-1.12.2.jar:git-Bukkit-809c399]
	at org.bukkit.craftbukkit.v1_12_R1.event.CraftEventFactory.callCreatureSpawnEvent(CraftEventFactory.java:284) [craftbukkit-1.12.2.jar:git-Bukkit-809c399]
	at net.minecraft.server.v1_12_R1.World.addEntity(World.java:998) [craftbukkit-1.12.2.jar:git-Bukkit-809c399]
	at net.minecraft.server.v1_12_R1.WorldServer.addEntity(WorldServer.java:1092) [craftbukkit-1.12.2.jar:git-Bukkit-809c399]
	at net.minecraft.server.v1_12_R1.ChunkRegionLoader.a(ChunkRegionLoader.java:512) [craftbukkit-1.12.2.jar:git-Bukkit-809c399]
	at net.minecraft.server.v1_12_R1.MobSpawnerAbstract.c(MobSpawnerAbstract.java:106) [craftbukkit-1.12.2.jar:git-Bukkit-809c399]
	at net.minecraft.server.v1_12_R1.TileEntityMobSpawner.e(SourceFile:91) [craftbukkit-1.12.2.jar:git-Bukkit-809c399]
	at net.minecraft.server.v1_12_R1.World.tickEntities(World.java:1393) [craftbukkit-1.12.2.jar:git-Bukkit-809c399]
	at net.minecraft.server.v1_12_R1.WorldServer.tickEntities(WorldServer.java:646) [craftbukkit-1.12.2.jar:git-Bukkit-809c399]
	at net.minecraft.server.v1_12_R1.MinecraftServer.D(MinecraftServer.java:750) [craftbukkit-1.12.2.jar:git-Bukkit-809c399]
	at net.minecraft.server.v1_12_R1.DedicatedServer.D(DedicatedServer.java:371) [craftbukkit-1.12.2.jar:git-Bukkit-809c399]
	at net.minecraft.server.v1_12_R1.MinecraftServer.C(MinecraftServer.java:651) [craftbukkit-1.12.2.jar:git-Bukkit-809c399]
	at net.minecraft.server.v1_12_R1.MinecraftServer.run(MinecraftServer.java:555) [craftbukkit-1.12.2.jar:git-Bukkit-809c399]
	at java.lang.Thread.run(Unknown Source) [?:1.8.0_151]
Caused by: java.lang.ClassCastException: org.bukkit.craftbukkit.v1_12_R1.CraftWorld cannot be cast to net.minecraft.server.v1_12_R1.World
	at xyz.mglolenstine.igspawners.MyListener.onMobSpawn(MyListener.java:89) ~[?:?]
	at sun.reflect.GeneratedMethodAccessor2.invoke(Unknown Source) ~[?:?]
	at sun.reflect.DelegatingMethodAccessorImpl.invoke(Unknown Source) ~[?:1.8.0_151]
	at java.lang.reflect.Method.invoke(Unknown Source) ~[?:1.8.0_151]
	at org.bukkit.plugin.java.JavaPluginLoader$1.execute(JavaPluginLoader.java:296) ~[craftbukkit-1.12.2.jar:git-Bukkit-809c399]
	... 16 more
[17:43:20] [Server thread/ERROR]: Could not pass event CreatureSpawnEvent to IGSpawners v1.0
org.bukkit.event.EventException: null
	at org.bukkit.plugin.java.JavaPluginLoader$1.execute(JavaPluginLoader.java:298) ~[craftbukkit-1.12.2.jar:git-Bukkit-809c399]
	at org.bukkit.plugin.RegisteredListener.callEvent(RegisteredListener.java:62) ~[craftbukkit-1.12.2.jar:git-Bukkit-809c399]
	at org.bukkit.plugin.SimplePluginManager.fireEvent(SimplePluginManager.java:499) [craftbukkit-1.12.2.jar:git-Bukkit-809c399]
	at org.bukkit.plugin.SimplePluginManager.callEvent(SimplePluginManager.java:484) [craftbukkit-1.12.2.jar:git-Bukkit-809c399]
	at org.bukkit.craftbukkit.v1_12_R1.event.CraftEventFactory.callCreatureSpawnEvent(CraftEventFactory.java:284) [craftbukkit-1.12.2.jar:git-Bukkit-809c399]
	at net.minecraft.server.v1_12_R1.World.addEntity(World.java:998) [craftbukkit-1.12.2.jar:git-Bukkit-809c399]
	at net.minecraft.server.v1_12_R1.WorldServer.addEntity(WorldServer.java:1092) [craftbukkit-1.12.2.jar:git-Bukkit-809c399]
	at net.minecraft.server.v1_12_R1.ChunkRegionLoader.a(ChunkRegionLoader.java:512) [craftbukkit-1.12.2.jar:git-Bukkit-809c399]
	at net.minecraft.server.v1_12_R1.MobSpawnerAbstract.c(MobSpawnerAbstract.java:106) [craftbukkit-1.12.2.jar:git-Bukkit-809c399]
	at net.minecraft.server.v1_12_R1.TileEntityMobSpawner.e(SourceFile:91) [craftbukkit-1.12.2.jar:git-Bukkit-809c399]
	at net.minecraft.server.v1_12_R1.World.tickEntities(World.java:1393) [craftbukkit-1.12.2.jar:git-Bukkit-809c399]
	at net.minecraft.server.v1_12_R1.WorldServer.tickEntities(WorldServer.java:646) [craftbukkit-1.12.2.jar:git-Bukkit-809c399]
	at net.minecraft.server.v1_12_R1.MinecraftServer.D(MinecraftServer.java:750) [craftbukkit-1.12.2.jar:git-Bukkit-809c399]
	at net.minecraft.server.v1_12_R1.DedicatedServer.D(DedicatedServer.java:371) [craftbukkit-1.12.2.jar:git-Bukkit-809c399]
	at net.minecraft.server.v1_12_R1.MinecraftServer.C(MinecraftServer.java:651) [craftbukkit-1.12.2.jar:git-Bukkit-809c399]
	at net.minecraft.server.v1_12_R1.MinecraftServer.run(MinecraftServer.java:555) [craftbukkit-1.12.2.jar:git-Bukkit-809c399]
	at java.lang.Thread.run(Unknown Source) [?:1.8.0_151]
Caused by: java.lang.ClassCastException: org.bukkit.craftbukkit.v1_12_R1.CraftWorld cannot be cast to net.minecraft.server.v1_12_R1.World
	at xyz.mglolenstine.igspawners.MyListener.onMobSpawn(MyListener.java:89) ~[?:?]
	at sun.reflect.GeneratedMethodAccessor2.invoke(Unknown Source) ~[?:?]
	at sun.reflect.DelegatingMethodAccessorImpl.invoke(Unknown Source) ~[?:1.8.0_151]
	at java.lang.reflect.Method.invoke(Unknown Source) ~[?:1.8.0_151]
	at org.bukkit.plugin.java.JavaPluginLoader$1.execute(JavaPluginLoader.java:296) ~[craftbukkit-1.12.2.jar:git-Bukkit-809c399]
	... 16 more
[17:43:22] [Server thread/INFO]: Block broken at Location{world=CraftWorld{name=world},x=253.0,y=67.0,z=199.0,pitch=0.0,yaw=0.0} was a Mob spawner!
[17:43:22] [Server thread/INFO]: This Mob spawner was registered!
[17:43:22] [Server thread/INFO]: Removed level 3 spawner!
[17:47:04] [Server thread/INFO]: CONSOLE: [0;31;1mPlease note that this command is not supported and may cause issues when using some plugins.[m
[17:47:04] [Server thread/INFO]: CONSOLE: [0;31;1mIf you encounter any issues please use the /stop command to restart your server.[m
[17:47:04] [Server thread/INFO]: [[IGSpawners]] Disabling IGSpawners v1.0
[17:47:05] [Server thread/INFO]: [[IGSpawners]] Loading IGSpawners v1.0
[17:47:05] [Server thread/INFO]: [[IGSpawners]] Enabling IGSpawners v1.0
[17:47:05] [Server thread/INFO]: {"spawners":[]}
[17:47:05] [Server thread/INFO]: Server permissions file permissions.yml is empty, ignoring it
[17:47:05] [Server thread/INFO]: CONSOLE: [0;32;1mReload complete.[m
[17:47:18] [Server thread/INFO]: spawner_level: 3
[17:47:18] [Server thread/INFO]: Added spawner!
[17:47:47] [Server thread/INFO]: MGlolenstine issued server command: /kill @e[type=IronGolem]
[17:47:50] [Server thread/INFO]: Block broken at Location{world=CraftWorld{name=world},x=252.0,y=67.0,z=200.0,pitch=0.0,yaw=0.0} was a Mob spawner!
[17:47:50] [Server thread/INFO]: This Mob spawner was registered!
[17:47:50] [Server thread/INFO]: Removed level 3 spawner!
[17:47:53] [Server thread/INFO]: MGlolenstine issued server command: /kill @e[type=IronGolem]
[17:47:59] [Server thread/INFO]: MGlolenstine issued server command: /kill @e[type=golem]
[17:49:59] [Server thread/INFO]: MGlolenstine issued server command: /kill @e[type=pig]
[17:49:59] [Server thread/INFO]: [MGlolenstine: Killed Pig]
[17:49:59] [Server thread/INFO]: [MGlolenstine: Killed Pig]
[17:49:59] [Server thread/INFO]: [MGlolenstine: Killed Pig]
[17:49:59] [Server thread/INFO]: [MGlolenstine: Killed Pig]
[17:49:59] [Server thread/INFO]: [MGlolenstine: Killed Pig]
[17:50:20] [Server thread/INFO]: MGlolenstine issued server command: /igspawners hand 1
[17:50:22] [Server thread/INFO]: MGlolenstine issued server command: /igspawners hand 2
[17:50:30] [Server thread/INFO]: spawner_level: 1
[17:50:30] [Server thread/INFO]: Added spawner!
[17:50:32] [Server thread/INFO]: spawner_level: 2
[17:50:32] [Server thread/INFO]: Added spawner!
[17:50:33] [Server thread/INFO]: spawner_level: 3
[17:50:33] [Server thread/INFO]: Added spawner!
[17:50:40] [Server thread/INFO]: MGlolenstine issued server command: /reload
[17:50:40] [Server thread/INFO]: MGlolenstine: [0;31;1mPlease note that this command is not supported and may cause issues when using some plugins.[m
[17:50:40] [Server thread/INFO]: MGlolenstine: [0;31;1mIf you encounter any issues please use the /stop command to restart your server.[m
[17:50:40] [Server thread/INFO]: [[IGSpawners]] Disabling IGSpawners v1.0
[17:50:40] [Server thread/INFO]: [[IGSpawners]] Loading IGSpawners v1.0
[17:50:40] [Server thread/INFO]: [[IGSpawners]] Enabling IGSpawners v1.0
[17:50:40] [Server thread/INFO]: {"spawners":[{"world":"93975412-a61a-4bb6-8f12-7a66d8dbd336","x":249,"y":64,"z":156,"level":1},{"world":"93975412-a61a-4bb6-8f12-7a66d8dbd336","x":243,"y":64,"z":164,"level":2},{"world":"93975412-a61a-4bb6-8f12-7a66d8dbd336","x":231,"y":64,"z":164,"level":3}]}
[17:50:40] [Server thread/INFO]: Server permissions file permissions.yml is empty, ignoring it
[17:50:41] [Server thread/INFO]: MGlolenstine: [0;32;1mReload complete.[m
[17:50:51] [Server thread/INFO]: Block broken at Location{world=CraftWorld{name=world},x=249.0,y=64.0,z=156.0,pitch=0.0,yaw=0.0} was a Mob spawner!
[17:50:51] [Server thread/INFO]: This Mob spawner was registered!
[17:50:51] [Server thread/INFO]: Removed level 1 spawner!
[17:50:53] [Server thread/INFO]: Block broken at Location{world=CraftWorld{name=world},x=243.0,y=64.0,z=164.0,pitch=0.0,yaw=0.0} was a Mob spawner!
[17:50:53] [Server thread/INFO]: This Mob spawner was registered!
[17:50:53] [Server thread/INFO]: Removed level 2 spawner!
[17:50:55] [Server thread/INFO]: Block broken at Location{world=CraftWorld{name=world},x=231.0,y=64.0,z=164.0,pitch=0.0,yaw=0.0} was a Mob spawner!
[17:50:55] [Server thread/INFO]: This Mob spawner was registered!
[17:50:55] [Server thread/INFO]: Removed level 3 spawner!
[17:51:01] [Server thread/INFO]: spawner_level: 1
[17:51:01] [Server thread/INFO]: Added spawner!
[17:51:17] [Server thread/INFO]: Block broken at Location{world=CraftWorld{name=world},x=187.0,y=64.0,z=151.0,pitch=0.0,yaw=0.0} was a Mob spawner!
[17:51:17] [Server thread/INFO]: This Mob spawner was registered!
[17:51:17] [Server thread/INFO]: Removed level 1 spawner!
[18:05:39] [Server thread/INFO]: MGlolenstine issued server command: /reload
[18:05:39] [Server thread/INFO]: MGlolenstine: [0;31;1mPlease note that this command is not supported and may cause issues when using some plugins.[m
[18:05:39] [Server thread/INFO]: MGlolenstine: [0;31;1mIf you encounter any issues please use the /stop command to restart your server.[m
[18:05:39] [Server thread/INFO]: [[IGSpawners]] Disabling IGSpawners v1.0
[18:05:39] [Server thread/INFO]: [[IGSpawners]] Loading IGSpawners v1.0
[18:05:39] [Server thread/INFO]: [[IGSpawners]] Enabling IGSpawners v1.0
[18:05:39] [Server thread/INFO]: {"spawners":[]}
[18:05:39] [Server thread/INFO]: Server permissions file permissions.yml is empty, ignoring it
[18:05:39] [Server thread/INFO]: MGlolenstine: [0;32;1mReload complete.[m
[18:06:48] [Server thread/INFO]: MGlolenstine issued server command: /igspawners hand 0
[18:06:52] [Server thread/INFO]: spawner_level: 0
[18:06:52] [Server thread/INFO]: Added spawner!
[18:07:21] [Server thread/ERROR]: Could not pass event EntityDeathEvent to IGSpawners v1.0
org.bukkit.event.EventException: null
	at org.bukkit.plugin.java.JavaPluginLoader$1.execute(JavaPluginLoader.java:298) ~[craftbukkit-1.12.2.jar:git-Bukkit-809c399]
	at org.bukkit.plugin.RegisteredListener.callEvent(RegisteredListener.java:62) ~[craftbukkit-1.12.2.jar:git-Bukkit-809c399]
	at org.bukkit.plugin.SimplePluginManager.fireEvent(SimplePluginManager.java:499) [craftbukkit-1.12.2.jar:git-Bukkit-809c399]
	at org.bukkit.plugin.SimplePluginManager.callEvent(SimplePluginManager.java:484) [craftbukkit-1.12.2.jar:git-Bukkit-809c399]
	at org.bukkit.craftbukkit.v1_12_R1.event.CraftEventFactory.callEntityDeathEvent(CraftEventFactory.java:395) [craftbukkit-1.12.2.jar:git-Bukkit-809c399]
	at net.minecraft.server.v1_12_R1.EntityLiving.die(EntityLiving.java:1104) [craftbukkit-1.12.2.jar:git-Bukkit-809c399]
	at net.minecraft.server.v1_12_R1.EntityIronGolem.die(EntityIronGolem.java:193) [craftbukkit-1.12.2.jar:git-Bukkit-809c399]
	at net.minecraft.server.v1_12_R1.EntityLiving.damageEntity(EntityLiving.java:946) [craftbukkit-1.12.2.jar:git-Bukkit-809c399]
	at net.minecraft.server.v1_12_R1.EntityHuman.attack(EntityHuman.java:1005) [craftbukkit-1.12.2.jar:git-Bukkit-809c399]
	at net.minecraft.server.v1_12_R1.EntityPlayer.attack(EntityPlayer.java:1302) [craftbukkit-1.12.2.jar:git-Bukkit-809c399]
	at net.minecraft.server.v1_12_R1.PlayerConnection.a(PlayerConnection.java:1552) [craftbukkit-1.12.2.jar:git-Bukkit-809c399]
	at net.minecraft.server.v1_12_R1.PacketPlayInUseEntity.a(SourceFile:69) [craftbukkit-1.12.2.jar:git-Bukkit-809c399]
	at net.minecraft.server.v1_12_R1.PacketPlayInUseEntity.a(SourceFile:13) [craftbukkit-1.12.2.jar:git-Bukkit-809c399]
	at net.minecraft.server.v1_12_R1.PlayerConnectionUtils$1.run(SourceFile:13) [craftbukkit-1.12.2.jar:git-Bukkit-809c399]
	at java.util.concurrent.Executors$RunnableAdapter.call(Unknown Source) [?:1.8.0_151]
	at java.util.concurrent.FutureTask.run(Unknown Source) [?:1.8.0_151]
	at net.minecraft.server.v1_12_R1.SystemUtils.a(SourceFile:46) [craftbukkit-1.12.2.jar:git-Bukkit-809c399]
	at net.minecraft.server.v1_12_R1.MinecraftServer.D(MinecraftServer.java:696) [craftbukkit-1.12.2.jar:git-Bukkit-809c399]
	at net.minecraft.server.v1_12_R1.DedicatedServer.D(DedicatedServer.java:371) [craftbukkit-1.12.2.jar:git-Bukkit-809c399]
	at net.minecraft.server.v1_12_R1.MinecraftServer.C(MinecraftServer.java:651) [craftbukkit-1.12.2.jar:git-Bukkit-809c399]
	at net.minecraft.server.v1_12_R1.MinecraftServer.run(MinecraftServer.java:555) [craftbukkit-1.12.2.jar:git-Bukkit-809c399]
	at java.lang.Thread.run(Unknown Source) [?:1.8.0_151]
Caused by: java.lang.NullPointerException
	at xyz.mglolenstine.igspawners.MyListener.onMobDeath(MyListener.java:115) ~[?:?]
	at sun.reflect.NativeMethodAccessorImpl.invoke0(Native Method) ~[?:1.8.0_151]
	at sun.reflect.NativeMethodAccessorImpl.invoke(Unknown Source) ~[?:1.8.0_151]
	at sun.reflect.DelegatingMethodAccessorImpl.invoke(Unknown Source) ~[?:1.8.0_151]
	at java.lang.reflect.Method.invoke(Unknown Source) ~[?:1.8.0_151]
	at org.bukkit.plugin.java.JavaPluginLoader$1.execute(JavaPluginLoader.java:296) ~[craftbukkit-1.12.2.jar:git-Bukkit-809c399]
	... 21 more
[18:07:22] [Server thread/INFO]: MGlolenstine has made the advancement [Acquire Hardware]
[18:08:36] [Server thread/INFO]: Block broken at Location{world=CraftWorld{name=world},x=195.0,y=66.0,z=168.0,pitch=0.0,yaw=0.0} was a Mob spawner!
[18:08:36] [Server thread/INFO]: This Mob spawner was registered!
[18:08:36] [Server thread/INFO]: Removed level 0 spawner!
[18:11:36] [Server thread/INFO]: MGlolenstine has made the advancement [Diamonds!]
[18:13:41] [Server thread/INFO]: MGlolenstine issued server command: /igspawners hand 0
[18:13:43] [Server thread/INFO]: spawner_level: 0
[18:13:43] [Server thread/INFO]: Added spawner!
[18:13:44] [Server thread/INFO]: spawner_level: 0
[18:13:44] [Server thread/INFO]: Added spawner!
[18:13:45] [Server thread/INFO]: Block broken at Location{world=CraftWorld{name=world},x=191.0,y=66.0,z=173.0,pitch=0.0,yaw=0.0} was a Mob spawner!
[18:13:45] [Server thread/INFO]: This Mob spawner was registered!
[18:13:45] [Server thread/INFO]: Removed level 0 spawner!
[18:13:48] [Server thread/INFO]: Block broken at Location{world=CraftWorld{name=world},x=190.0,y=66.0,z=173.0,pitch=0.0,yaw=0.0} was a Mob spawner!
[18:13:48] [Server thread/INFO]: This Mob spawner was registered!
[18:13:48] [Server thread/INFO]: Removed level 0 spawner!
[18:29:50] [Server thread/INFO]: MGlolenstine issued server command: /kill @e[type=pig]
[18:29:50] [Server thread/INFO]: [MGlolenstine: Killed Pig]
[18:29:50] [Server thread/INFO]: [MGlolenstine: Killed Pig]
[18:29:50] [Server thread/INFO]: [MGlolenstine: Killed Pig]
[18:29:50] [Server thread/INFO]: [MGlolenstine: Killed Pig]
[18:29:50] [Server thread/INFO]: [MGlolenstine: Killed Pig]
[18:29:56] [Server thread/INFO]: MGlolenstine issued server command: /kill @e[type=Iron_Golem]
[18:30:06] [Server thread/INFO]: MGlolenstine issued server command: /summon
[18:31:13] [Server thread/INFO]: MGlolenstine issued server command: /kill @e[type=villager_Golem]
[18:31:13] [Server thread/ERROR]: Could not pass event EntityDeathEvent to IGSpawners v1.0
org.bukkit.event.EventException: null
	at org.bukkit.plugin.java.JavaPluginLoader$1.execute(JavaPluginLoader.java:298) ~[craftbukkit-1.12.2.jar:git-Bukkit-809c399]
	at org.bukkit.plugin.RegisteredListener.callEvent(RegisteredListener.java:62) ~[craftbukkit-1.12.2.jar:git-Bukkit-809c399]
	at org.bukkit.plugin.SimplePluginManager.fireEvent(SimplePluginManager.java:499) [craftbukkit-1.12.2.jar:git-Bukkit-809c399]
	at org.bukkit.plugin.SimplePluginManager.callEvent(SimplePluginManager.java:484) [craftbukkit-1.12.2.jar:git-Bukkit-809c399]
	at org.bukkit.craftbukkit.v1_12_R1.event.CraftEventFactory.callEntityDeathEvent(CraftEventFactory.java:395) [craftbukkit-1.12.2.jar:git-Bukkit-809c399]
	at net.minecraft.server.v1_12_R1.EntityLiving.die(EntityLiving.java:1104) [craftbukkit-1.12.2.jar:git-Bukkit-809c399]
	at net.minecraft.server.v1_12_R1.EntityIronGolem.die(EntityIronGolem.java:193) [craftbukkit-1.12.2.jar:git-Bukkit-809c399]
	at net.minecraft.server.v1_12_R1.EntityLiving.damageEntity(EntityLiving.java:946) [craftbukkit-1.12.2.jar:git-Bukkit-809c399]
	at net.minecraft.server.v1_12_R1.EntityLiving.killEntity(EntityLiving.java:125) [craftbukkit-1.12.2.jar:git-Bukkit-809c399]
	at net.minecraft.server.v1_12_R1.CommandKill.execute(SourceFile:41) [craftbukkit-1.12.2.jar:git-Bukkit-809c399]
	at org.bukkit.craftbukkit.v1_12_R1.command.VanillaCommandWrapper.dispatchVanillaCommand(VanillaCommandWrapper.java:94) [craftbukkit-1.12.2.jar:git-Bukkit-809c399]
	at org.bukkit.craftbukkit.v1_12_R1.command.VanillaCommandWrapper.execute(VanillaCommandWrapper.java:38) [craftbukkit-1.12.2.jar:git-Bukkit-809c399]
	at org.bukkit.command.SimpleCommandMap.dispatch(SimpleCommandMap.java:140) [craftbukkit-1.12.2.jar:git-Bukkit-809c399]
	at org.bukkit.craftbukkit.v1_12_R1.CraftServer.dispatchCommand(CraftServer.java:629) [craftbukkit-1.12.2.jar:git-Bukkit-809c399]
	at net.minecraft.server.v1_12_R1.PlayerConnection.handleCommand(PlayerConnection.java:1338) [craftbukkit-1.12.2.jar:git-Bukkit-809c399]
	at net.minecraft.server.v1_12_R1.PlayerConnection.a(PlayerConnection.java:1198) [craftbukkit-1.12.2.jar:git-Bukkit-809c399]
	at net.minecraft.server.v1_12_R1.PacketPlayInChat.a(SourceFile:37) [craftbukkit-1.12.2.jar:git-Bukkit-809c399]
	at net.minecraft.server.v1_12_R1.PacketPlayInChat.a(SourceFile:9) [craftbukkit-1.12.2.jar:git-Bukkit-809c399]
	at net.minecraft.server.v1_12_R1.PlayerConnectionUtils$1.run(SourceFile:13) [craftbukkit-1.12.2.jar:git-Bukkit-809c399]
	at java.util.concurrent.Executors$RunnableAdapter.call(Unknown Source) [?:1.8.0_151]
	at java.util.concurrent.FutureTask.run(Unknown Source) [?:1.8.0_151]
	at net.minecraft.server.v1_12_R1.SystemUtils.a(SourceFile:46) [craftbukkit-1.12.2.jar:git-Bukkit-809c399]
	at net.minecraft.server.v1_12_R1.MinecraftServer.D(MinecraftServer.java:696) [craftbukkit-1.12.2.jar:git-Bukkit-809c399]
	at net.minecraft.server.v1_12_R1.DedicatedServer.D(DedicatedServer.java:371) [craftbukkit-1.12.2.jar:git-Bukkit-809c399]
	at net.minecraft.server.v1_12_R1.MinecraftServer.C(MinecraftServer.java:651) [craftbukkit-1.12.2.jar:git-Bukkit-809c399]
	at net.minecraft.server.v1_12_R1.MinecraftServer.run(MinecraftServer.java:555) [craftbukkit-1.12.2.jar:git-Bukkit-809c399]
	at java.lang.Thread.run(Unknown Source) [?:1.8.0_151]
Caused by: java.lang.NullPointerException
	at xyz.mglolenstine.igspawners.MyListener.onMobDeath(MyListener.java:115) ~[?:?]
	at sun.reflect.GeneratedMethodAccessor8.invoke(Unknown Source) ~[?:?]
	at sun.reflect.DelegatingMethodAccessorImpl.invoke(Unknown Source) ~[?:1.8.0_151]
	at java.lang.reflect.Method.invoke(Unknown Source) ~[?:1.8.0_151]
	at org.bukkit.plugin.java.JavaPluginLoader$1.execute(JavaPluginLoader.java:296) ~[craftbukkit-1.12.2.jar:git-Bukkit-809c399]
	... 26 more
[18:31:13] [Server thread/INFO]: [MGlolenstine: Killed Iron Golem]
[18:31:13] [Server thread/INFO]: [MGlolenstine: Killed §6Golden§7 Golem]
[18:31:13] [Server thread/INFO]: [MGlolenstine: Killed §aEmerald§7 Golem]
[18:31:13] [Server thread/INFO]: [MGlolenstine: Killed §aEmerald§7 Golem]
[18:31:13] [Server thread/INFO]: [MGlolenstine: Killed §6Golden§7 Golem]
[18:31:13] [Server thread/ERROR]: Could not pass event EntityDeathEvent to IGSpawners v1.0
org.bukkit.event.EventException: null
	at org.bukkit.plugin.java.JavaPluginLoader$1.execute(JavaPluginLoader.java:298) ~[craftbukkit-1.12.2.jar:git-Bukkit-809c399]
	at org.bukkit.plugin.RegisteredListener.callEvent(RegisteredListener.java:62) ~[craftbukkit-1.12.2.jar:git-Bukkit-809c399]
	at org.bukkit.plugin.SimplePluginManager.fireEvent(SimplePluginManager.java:499) [craftbukkit-1.12.2.jar:git-Bukkit-809c399]
	at org.bukkit.plugin.SimplePluginManager.callEvent(SimplePluginManager.java:484) [craftbukkit-1.12.2.jar:git-Bukkit-809c399]
	at org.bukkit.craftbukkit.v1_12_R1.event.CraftEventFactory.callEntityDeathEvent(CraftEventFactory.java:395) [craftbukkit-1.12.2.jar:git-Bukkit-809c399]
	at net.minecraft.server.v1_12_R1.EntityLiving.die(EntityLiving.java:1104) [craftbukkit-1.12.2.jar:git-Bukkit-809c399]
	at net.minecraft.server.v1_12_R1.EntityIronGolem.die(EntityIronGolem.java:193) [craftbukkit-1.12.2.jar:git-Bukkit-809c399]
	at net.minecraft.server.v1_12_R1.EntityLiving.damageEntity(EntityLiving.java:946) [craftbukkit-1.12.2.jar:git-Bukkit-809c399]
	at net.minecraft.server.v1_12_R1.EntityLiving.killEntity(EntityLiving.java:125) [craftbukkit-1.12.2.jar:git-Bukkit-809c399]
	at net.minecraft.server.v1_12_R1.CommandKill.execute(SourceFile:41) [craftbukkit-1.12.2.jar:git-Bukkit-809c399]
	at org.bukkit.craftbukkit.v1_12_R1.command.VanillaCommandWrapper.dispatchVanillaCommand(VanillaCommandWrapper.java:94) [craftbukkit-1.12.2.jar:git-Bukkit-809c399]
	at org.bukkit.craftbukkit.v1_12_R1.command.VanillaCommandWrapper.execute(VanillaCommandWrapper.java:38) [craftbukkit-1.12.2.jar:git-Bukkit-809c399]
	at org.bukkit.command.SimpleCommandMap.dispatch(SimpleCommandMap.java:140) [craftbukkit-1.12.2.jar:git-Bukkit-809c399]
	at org.bukkit.craftbukkit.v1_12_R1.CraftServer.dispatchCommand(CraftServer.java:629) [craftbukkit-1.12.2.jar:git-Bukkit-809c399]
	at net.minecraft.server.v1_12_R1.PlayerConnection.handleCommand(PlayerConnection.java:1338) [craftbukkit-1.12.2.jar:git-Bukkit-809c399]
	at net.minecraft.server.v1_12_R1.PlayerConnection.a(PlayerConnection.java:1198) [craftbukkit-1.12.2.jar:git-Bukkit-809c399]
	at net.minecraft.server.v1_12_R1.PacketPlayInChat.a(SourceFile:37) [craftbukkit-1.12.2.jar:git-Bukkit-809c399]
	at net.minecraft.server.v1_12_R1.PacketPlayInChat.a(SourceFile:9) [craftbukkit-1.12.2.jar:git-Bukkit-809c399]
	at net.minecraft.server.v1_12_R1.PlayerConnectionUtils$1.run(SourceFile:13) [craftbukkit-1.12.2.jar:git-Bukkit-809c399]
	at java.util.concurrent.Executors$RunnableAdapter.call(Unknown Source) [?:1.8.0_151]
	at java.util.concurrent.FutureTask.run(Unknown Source) [?:1.8.0_151]
	at net.minecraft.server.v1_12_R1.SystemUtils.a(SourceFile:46) [craftbukkit-1.12.2.jar:git-Bukkit-809c399]
	at net.minecraft.server.v1_12_R1.MinecraftServer.D(MinecraftServer.java:696) [craftbukkit-1.12.2.jar:git-Bukkit-809c399]
	at net.minecraft.server.v1_12_R1.DedicatedServer.D(DedicatedServer.java:371) [craftbukkit-1.12.2.jar:git-Bukkit-809c399]
	at net.minecraft.server.v1_12_R1.MinecraftServer.C(MinecraftServer.java:651) [craftbukkit-1.12.2.jar:git-Bukkit-809c399]
	at net.minecraft.server.v1_12_R1.MinecraftServer.run(MinecraftServer.java:555) [craftbukkit-1.12.2.jar:git-Bukkit-809c399]
	at java.lang.Thread.run(Unknown Source) [?:1.8.0_151]
Caused by: java.lang.NullPointerException
	at xyz.mglolenstine.igspawners.MyListener.onMobDeath(MyListener.java:115) ~[?:?]
	at sun.reflect.GeneratedMethodAccessor8.invoke(Unknown Source) ~[?:?]
	at sun.reflect.DelegatingMethodAccessorImpl.invoke(Unknown Source) ~[?:1.8.0_151]
	at java.lang.reflect.Method.invoke(Unknown Source) ~[?:1.8.0_151]
	at org.bukkit.plugin.java.JavaPluginLoader$1.execute(JavaPluginLoader.java:296) ~[craftbukkit-1.12.2.jar:git-Bukkit-809c399]
	... 26 more
[18:31:13] [Server thread/INFO]: [MGlolenstine: Killed Iron Golem]
[18:31:13] [Server thread/ERROR]: Could not pass event EntityDeathEvent to IGSpawners v1.0
org.bukkit.event.EventException: null
	at org.bukkit.plugin.java.JavaPluginLoader$1.execute(JavaPluginLoader.java:298) ~[craftbukkit-1.12.2.jar:git-Bukkit-809c399]
	at org.bukkit.plugin.RegisteredListener.callEvent(RegisteredListener.java:62) ~[craftbukkit-1.12.2.jar:git-Bukkit-809c399]
	at org.bukkit.plugin.SimplePluginManager.fireEvent(SimplePluginManager.java:499) [craftbukkit-1.12.2.jar:git-Bukkit-809c399]
	at org.bukkit.plugin.SimplePluginManager.callEvent(SimplePluginManager.java:484) [craftbukkit-1.12.2.jar:git-Bukkit-809c399]
	at org.bukkit.craftbukkit.v1_12_R1.event.CraftEventFactory.callEntityDeathEvent(CraftEventFactory.java:395) [craftbukkit-1.12.2.jar:git-Bukkit-809c399]
	at net.minecraft.server.v1_12_R1.EntityLiving.die(EntityLiving.java:1104) [craftbukkit-1.12.2.jar:git-Bukkit-809c399]
	at net.minecraft.server.v1_12_R1.EntityIronGolem.die(EntityIronGolem.java:193) [craftbukkit-1.12.2.jar:git-Bukkit-809c399]
	at net.minecraft.server.v1_12_R1.EntityLiving.damageEntity(EntityLiving.java:946) [craftbukkit-1.12.2.jar:git-Bukkit-809c399]
	at net.minecraft.server.v1_12_R1.EntityLiving.killEntity(EntityLiving.java:125) [craftbukkit-1.12.2.jar:git-Bukkit-809c399]
	at net.minecraft.server.v1_12_R1.CommandKill.execute(SourceFile:41) [craftbukkit-1.12.2.jar:git-Bukkit-809c399]
	at org.bukkit.craftbukkit.v1_12_R1.command.VanillaCommandWrapper.dispatchVanillaCommand(VanillaCommandWrapper.java:94) [craftbukkit-1.12.2.jar:git-Bukkit-809c399]
	at org.bukkit.craftbukkit.v1_12_R1.command.VanillaCommandWrapper.execute(VanillaCommandWrapper.java:38) [craftbukkit-1.12.2.jar:git-Bukkit-809c399]
	at org.bukkit.command.SimpleCommandMap.dispatch(SimpleCommandMap.java:140) [craftbukkit-1.12.2.jar:git-Bukkit-809c399]
	at org.bukkit.craftbukkit.v1_12_R1.CraftServer.dispatchCommand(CraftServer.java:629) [craftbukkit-1.12.2.jar:git-Bukkit-809c399]
	at net.minecraft.server.v1_12_R1.PlayerConnection.handleCommand(PlayerConnection.java:1338) [craftbukkit-1.12.2.jar:git-Bukkit-809c399]
	at net.minecraft.server.v1_12_R1.PlayerConnection.a(PlayerConnection.java:1198) [craftbukkit-1.12.2.jar:git-Bukkit-809c399]
	at net.minecraft.server.v1_12_R1.PacketPlayInChat.a(SourceFile:37) [craftbukkit-1.12.2.jar:git-Bukkit-809c399]
	at net.minecraft.server.v1_12_R1.PacketPlayInChat.a(SourceFile:9) [craftbukkit-1.12.2.jar:git-Bukkit-809c399]
	at net.minecraft.server.v1_12_R1.PlayerConnectionUtils$1.run(SourceFile:13) [craftbukkit-1.12.2.jar:git-Bukkit-809c399]
	at java.util.concurrent.Executors$RunnableAdapter.call(Unknown Source) [?:1.8.0_151]
	at java.util.concurrent.FutureTask.run(Unknown Source) [?:1.8.0_151]
	at net.minecraft.server.v1_12_R1.SystemUtils.a(SourceFile:46) [craftbukkit-1.12.2.jar:git-Bukkit-809c399]
	at net.minecraft.server.v1_12_R1.MinecraftServer.D(MinecraftServer.java:696) [craftbukkit-1.12.2.jar:git-Bukkit-809c399]
	at net.minecraft.server.v1_12_R1.DedicatedServer.D(DedicatedServer.java:371) [craftbukkit-1.12.2.jar:git-Bukkit-809c399]
	at net.minecraft.server.v1_12_R1.MinecraftServer.C(MinecraftServer.java:651) [craftbukkit-1.12.2.jar:git-Bukkit-809c399]
	at net.minecraft.server.v1_12_R1.MinecraftServer.run(MinecraftServer.java:555) [craftbukkit-1.12.2.jar:git-Bukkit-809c399]
	at java.lang.Thread.run(Unknown Source) [?:1.8.0_151]
Caused by: java.lang.NullPointerException
	at xyz.mglolenstine.igspawners.MyListener.onMobDeath(MyListener.java:115) ~[?:?]
	at sun.reflect.GeneratedMethodAccessor8.invoke(Unknown Source) ~[?:?]
	at sun.reflect.DelegatingMethodAccessorImpl.invoke(Unknown Source) ~[?:1.8.0_151]
	at java.lang.reflect.Method.invoke(Unknown Source) ~[?:1.8.0_151]
	at org.bukkit.plugin.java.JavaPluginLoader$1.execute(JavaPluginLoader.java:296) ~[craftbukkit-1.12.2.jar:git-Bukkit-809c399]
	... 26 more
[18:31:13] [Server thread/INFO]: [MGlolenstine: Killed Iron Golem]
[18:31:13] [Server thread/INFO]: [MGlolenstine: Killed §aEmerald§7 Golem]
[18:31:13] [Server thread/ERROR]: Could not pass event EntityDeathEvent to IGSpawners v1.0
org.bukkit.event.EventException: null
	at org.bukkit.plugin.java.JavaPluginLoader$1.execute(JavaPluginLoader.java:298) ~[craftbukkit-1.12.2.jar:git-Bukkit-809c399]
	at org.bukkit.plugin.RegisteredListener.callEvent(RegisteredListener.java:62) ~[craftbukkit-1.12.2.jar:git-Bukkit-809c399]
	at org.bukkit.plugin.SimplePluginManager.fireEvent(SimplePluginManager.java:499) [craftbukkit-1.12.2.jar:git-Bukkit-809c399]
	at org.bukkit.plugin.SimplePluginManager.callEvent(SimplePluginManager.java:484) [craftbukkit-1.12.2.jar:git-Bukkit-809c399]
	at org.bukkit.craftbukkit.v1_12_R1.event.CraftEventFactory.callEntityDeathEvent(CraftEventFactory.java:395) [craftbukkit-1.12.2.jar:git-Bukkit-809c399]
	at net.minecraft.server.v1_12_R1.EntityLiving.die(EntityLiving.java:1104) [craftbukkit-1.12.2.jar:git-Bukkit-809c399]
	at net.minecraft.server.v1_12_R1.EntityIronGolem.die(EntityIronGolem.java:193) [craftbukkit-1.12.2.jar:git-Bukkit-809c399]
	at net.minecraft.server.v1_12_R1.EntityLiving.damageEntity(EntityLiving.java:946) [craftbukkit-1.12.2.jar:git-Bukkit-809c399]
	at net.minecraft.server.v1_12_R1.EntityLiving.killEntity(EntityLiving.java:125) [craftbukkit-1.12.2.jar:git-Bukkit-809c399]
	at net.minecraft.server.v1_12_R1.CommandKill.execute(SourceFile:41) [craftbukkit-1.12.2.jar:git-Bukkit-809c399]
	at org.bukkit.craftbukkit.v1_12_R1.command.VanillaCommandWrapper.dispatchVanillaCommand(VanillaCommandWrapper.java:94) [craftbukkit-1.12.2.jar:git-Bukkit-809c399]
	at org.bukkit.craftbukkit.v1_12_R1.command.VanillaCommandWrapper.execute(VanillaCommandWrapper.java:38) [craftbukkit-1.12.2.jar:git-Bukkit-809c399]
	at org.bukkit.command.SimpleCommandMap.dispatch(SimpleCommandMap.java:140) [craftbukkit-1.12.2.jar:git-Bukkit-809c399]
	at org.bukkit.craftbukkit.v1_12_R1.CraftServer.dispatchCommand(CraftServer.java:629) [craftbukkit-1.12.2.jar:git-Bukkit-809c399]
	at net.minecraft.server.v1_12_R1.PlayerConnection.handleCommand(PlayerConnection.java:1338) [craftbukkit-1.12.2.jar:git-Bukkit-809c399]
	at net.minecraft.server.v1_12_R1.PlayerConnection.a(PlayerConnection.java:1198) [craftbukkit-1.12.2.jar:git-Bukkit-809c399]
	at net.minecraft.server.v1_12_R1.PacketPlayInChat.a(SourceFile:37) [craftbukkit-1.12.2.jar:git-Bukkit-809c399]
	at net.minecraft.server.v1_12_R1.PacketPlayInChat.a(SourceFile:9) [craftbukkit-1.12.2.jar:git-Bukkit-809c399]
	at net.minecraft.server.v1_12_R1.PlayerConnectionUtils$1.run(SourceFile:13) [craftbukkit-1.12.2.jar:git-Bukkit-809c399]
	at java.util.concurrent.Executors$RunnableAdapter.call(Unknown Source) [?:1.8.0_151]
	at java.util.concurrent.FutureTask.run(Unknown Source) [?:1.8.0_151]
	at net.minecraft.server.v1_12_R1.SystemUtils.a(SourceFile:46) [craftbukkit-1.12.2.jar:git-Bukkit-809c399]
	at net.minecraft.server.v1_12_R1.MinecraftServer.D(MinecraftServer.java:696) [craftbukkit-1.12.2.jar:git-Bukkit-809c399]
	at net.minecraft.server.v1_12_R1.DedicatedServer.D(DedicatedServer.java:371) [craftbukkit-1.12.2.jar:git-Bukkit-809c399]
	at net.minecraft.server.v1_12_R1.MinecraftServer.C(MinecraftServer.java:651) [craftbukkit-1.12.2.jar:git-Bukkit-809c399]
	at net.minecraft.server.v1_12_R1.MinecraftServer.run(MinecraftServer.java:555) [craftbukkit-1.12.2.jar:git-Bukkit-809c399]
	at java.lang.Thread.run(Unknown Source) [?:1.8.0_151]
Caused by: java.lang.NullPointerException
	at xyz.mglolenstine.igspawners.MyListener.onMobDeath(MyListener.java:115) ~[?:?]
	at sun.reflect.GeneratedMethodAccessor8.invoke(Unknown Source) ~[?:?]
	at sun.reflect.DelegatingMethodAccessorImpl.invoke(Unknown Source) ~[?:1.8.0_151]
	at java.lang.reflect.Method.invoke(Unknown Source) ~[?:1.8.0_151]
	at org.bukkit.plugin.java.JavaPluginLoader$1.execute(JavaPluginLoader.java:296) ~[craftbukkit-1.12.2.jar:git-Bukkit-809c399]
	... 26 more
[18:31:13] [Server thread/INFO]: [MGlolenstine: Killed Iron Golem]
[18:31:13] [Server thread/INFO]: [MGlolenstine: Killed §aEmerald§7 Golem]
[18:31:13] [Server thread/ERROR]: Could not pass event EntityDeathEvent to IGSpawners v1.0
org.bukkit.event.EventException: null
	at org.bukkit.plugin.java.JavaPluginLoader$1.execute(JavaPluginLoader.java:298) ~[craftbukkit-1.12.2.jar:git-Bukkit-809c399]
	at org.bukkit.plugin.RegisteredListener.callEvent(RegisteredListener.java:62) ~[craftbukkit-1.12.2.jar:git-Bukkit-809c399]
	at org.bukkit.plugin.SimplePluginManager.fireEvent(SimplePluginManager.java:499) [craftbukkit-1.12.2.jar:git-Bukkit-809c399]
	at org.bukkit.plugin.SimplePluginManager.callEvent(SimplePluginManager.java:484) [craftbukkit-1.12.2.jar:git-Bukkit-809c399]
	at org.bukkit.craftbukkit.v1_12_R1.event.CraftEventFactory.callEntityDeathEvent(CraftEventFactory.java:395) [craftbukkit-1.12.2.jar:git-Bukkit-809c399]
	at net.minecraft.server.v1_12_R1.EntityLiving.die(EntityLiving.java:1104) [craftbukkit-1.12.2.jar:git-Bukkit-809c399]
	at net.minecraft.server.v1_12_R1.EntityIronGolem.die(EntityIronGolem.java:193) [craftbukkit-1.12.2.jar:git-Bukkit-809c399]
	at net.minecraft.server.v1_12_R1.EntityLiving.damageEntity(EntityLiving.java:946) [craftbukkit-1.12.2.jar:git-Bukkit-809c399]
	at net.minecraft.server.v1_12_R1.EntityLiving.killEntity(EntityLiving.java:125) [craftbukkit-1.12.2.jar:git-Bukkit-809c399]
	at net.minecraft.server.v1_12_R1.CommandKill.execute(SourceFile:41) [craftbukkit-1.12.2.jar:git-Bukkit-809c399]
	at org.bukkit.craftbukkit.v1_12_R1.command.VanillaCommandWrapper.dispatchVanillaCommand(VanillaCommandWrapper.java:94) [craftbukkit-1.12.2.jar:git-Bukkit-809c399]
	at org.bukkit.craftbukkit.v1_12_R1.command.VanillaCommandWrapper.execute(VanillaCommandWrapper.java:38) [craftbukkit-1.12.2.jar:git-Bukkit-809c399]
	at org.bukkit.command.SimpleCommandMap.dispatch(SimpleCommandMap.java:140) [craftbukkit-1.12.2.jar:git-Bukkit-809c399]
	at org.bukkit.craftbukkit.v1_12_R1.CraftServer.dispatchCommand(CraftServer.java:629) [craftbukkit-1.12.2.jar:git-Bukkit-809c399]
	at net.minecraft.server.v1_12_R1.PlayerConnection.handleCommand(PlayerConnection.java:1338) [craftbukkit-1.12.2.jar:git-Bukkit-809c399]
	at net.minecraft.server.v1_12_R1.PlayerConnection.a(PlayerConnection.java:1198) [craftbukkit-1.12.2.jar:git-Bukkit-809c399]
	at net.minecraft.server.v1_12_R1.PacketPlayInChat.a(SourceFile:37) [craftbukkit-1.12.2.jar:git-Bukkit-809c399]
	at net.minecraft.server.v1_12_R1.PacketPlayInChat.a(SourceFile:9) [craftbukkit-1.12.2.jar:git-Bukkit-809c399]
	at net.minecraft.server.v1_12_R1.PlayerConnectionUtils$1.run(SourceFile:13) [craftbukkit-1.12.2.jar:git-Bukkit-809c399]
	at java.util.concurrent.Executors$RunnableAdapter.call(Unknown Source) [?:1.8.0_151]
	at java.util.concurrent.FutureTask.run(Unknown Source) [?:1.8.0_151]
	at net.minecraft.server.v1_12_R1.SystemUtils.a(SourceFile:46) [craftbukkit-1.12.2.jar:git-Bukkit-809c399]
	at net.minecraft.server.v1_12_R1.MinecraftServer.D(MinecraftServer.java:696) [craftbukkit-1.12.2.jar:git-Bukkit-809c399]
	at net.minecraft.server.v1_12_R1.DedicatedServer.D(DedicatedServer.java:371) [craftbukkit-1.12.2.jar:git-Bukkit-809c399]
	at net.minecraft.server.v1_12_R1.MinecraftServer.C(MinecraftServer.java:651) [craftbukkit-1.12.2.jar:git-Bukkit-809c399]
	at net.minecraft.server.v1_12_R1.MinecraftServer.run(MinecraftServer.java:555) [craftbukkit-1.12.2.jar:git-Bukkit-809c399]
	at java.lang.Thread.run(Unknown Source) [?:1.8.0_151]
Caused by: java.lang.NullPointerException
	at xyz.mglolenstine.igspawners.MyListener.onMobDeath(MyListener.java:115) ~[?:?]
	at sun.reflect.GeneratedMethodAccessor8.invoke(Unknown Source) ~[?:?]
	at sun.reflect.DelegatingMethodAccessorImpl.invoke(Unknown Source) ~[?:1.8.0_151]
	at java.lang.reflect.Method.invoke(Unknown Source) ~[?:1.8.0_151]
	at org.bukkit.plugin.java.JavaPluginLoader$1.execute(JavaPluginLoader.java:296) ~[craftbukkit-1.12.2.jar:git-Bukkit-809c399]
	... 26 more
[18:31:13] [Server thread/INFO]: [MGlolenstine: Killed Iron Golem]
[18:31:13] [Server thread/INFO]: [MGlolenstine: Killed §aEmerald§7 Golem]
[18:31:13] [Server thread/INFO]: [MGlolenstine: Killed §6Golden§7 Golem]
[18:31:13] [Server thread/INFO]: [MGlolenstine: Killed §6Golden§7 Golem]
[18:31:13] [Server thread/INFO]: [MGlolenstine: Killed §6Golden§7 Golem]
[18:31:13] [Server thread/ERROR]: Could not pass event EntityDeathEvent to IGSpawners v1.0
org.bukkit.event.EventException: null
	at org.bukkit.plugin.java.JavaPluginLoader$1.execute(JavaPluginLoader.java:298) ~[craftbukkit-1.12.2.jar:git-Bukkit-809c399]
	at org.bukkit.plugin.RegisteredListener.callEvent(RegisteredListener.java:62) ~[craftbukkit-1.12.2.jar:git-Bukkit-809c399]
	at org.bukkit.plugin.SimplePluginManager.fireEvent(SimplePluginManager.java:499) [craftbukkit-1.12.2.jar:git-Bukkit-809c399]
	at org.bukkit.plugin.SimplePluginManager.callEvent(SimplePluginManager.java:484) [craftbukkit-1.12.2.jar:git-Bukkit-809c399]
	at org.bukkit.craftbukkit.v1_12_R1.event.CraftEventFactory.callEntityDeathEvent(CraftEventFactory.java:395) [craftbukkit-1.12.2.jar:git-Bukkit-809c399]
	at net.minecraft.server.v1_12_R1.EntityLiving.die(EntityLiving.java:1104) [craftbukkit-1.12.2.jar:git-Bukkit-809c399]
	at net.minecraft.server.v1_12_R1.EntityIronGolem.die(EntityIronGolem.java:193) [craftbukkit-1.12.2.jar:git-Bukkit-809c399]
	at net.minecraft.server.v1_12_R1.EntityLiving.damageEntity(EntityLiving.java:946) [craftbukkit-1.12.2.jar:git-Bukkit-809c399]
	at net.minecraft.server.v1_12_R1.EntityLiving.killEntity(EntityLiving.java:125) [craftbukkit-1.12.2.jar:git-Bukkit-809c399]
	at net.minecraft.server.v1_12_R1.CommandKill.execute(SourceFile:41) [craftbukkit-1.12.2.jar:git-Bukkit-809c399]
	at org.bukkit.craftbukkit.v1_12_R1.command.VanillaCommandWrapper.dispatchVanillaCommand(VanillaCommandWrapper.java:94) [craftbukkit-1.12.2.jar:git-Bukkit-809c399]
	at org.bukkit.craftbukkit.v1_12_R1.command.VanillaCommandWrapper.execute(VanillaCommandWrapper.java:38) [craftbukkit-1.12.2.jar:git-Bukkit-809c399]
	at org.bukkit.command.SimpleCommandMap.dispatch(SimpleCommandMap.java:140) [craftbukkit-1.12.2.jar:git-Bukkit-809c399]
	at org.bukkit.craftbukkit.v1_12_R1.CraftServer.dispatchCommand(CraftServer.java:629) [craftbukkit-1.12.2.jar:git-Bukkit-809c399]
	at net.minecraft.server.v1_12_R1.PlayerConnection.handleCommand(PlayerConnection.java:1338) [craftbukkit-1.12.2.jar:git-Bukkit-809c399]
	at net.minecraft.server.v1_12_R1.PlayerConnection.a(PlayerConnection.java:1198) [craftbukkit-1.12.2.jar:git-Bukkit-809c399]
	at net.minecraft.server.v1_12_R1.PacketPlayInChat.a(SourceFile:37) [craftbukkit-1.12.2.jar:git-Bukkit-809c399]
	at net.minecraft.server.v1_12_R1.PacketPlayInChat.a(SourceFile:9) [craftbukkit-1.12.2.jar:git-Bukkit-809c399]
	at net.minecraft.server.v1_12_R1.PlayerConnectionUtils$1.run(SourceFile:13) [craftbukkit-1.12.2.jar:git-Bukkit-809c399]
	at java.util.concurrent.Executors$RunnableAdapter.call(Unknown Source) [?:1.8.0_151]
	at java.util.concurrent.FutureTask.run(Unknown Source) [?:1.8.0_151]
	at net.minecraft.server.v1_12_R1.SystemUtils.a(SourceFile:46) [craftbukkit-1.12.2.jar:git-Bukkit-809c399]
	at net.minecraft.server.v1_12_R1.MinecraftServer.D(MinecraftServer.java:696) [craftbukkit-1.12.2.jar:git-Bukkit-809c399]
	at net.minecraft.server.v1_12_R1.DedicatedServer.D(DedicatedServer.java:371) [craftbukkit-1.12.2.jar:git-Bukkit-809c399]
	at net.minecraft.server.v1_12_R1.MinecraftServer.C(MinecraftServer.java:651) [craftbukkit-1.12.2.jar:git-Bukkit-809c399]
	at net.minecraft.server.v1_12_R1.MinecraftServer.run(MinecraftServer.java:555) [craftbukkit-1.12.2.jar:git-Bukkit-809c399]
	at java.lang.Thread.run(Unknown Source) [?:1.8.0_151]
Caused by: java.lang.NullPointerException
	at xyz.mglolenstine.igspawners.MyListener.onMobDeath(MyListener.java:115) ~[?:?]
	at sun.reflect.GeneratedMethodAccessor8.invoke(Unknown Source) ~[?:?]
	at sun.reflect.DelegatingMethodAccessorImpl.invoke(Unknown Source) ~[?:1.8.0_151]
	at java.lang.reflect.Method.invoke(Unknown Source) ~[?:1.8.0_151]
	at org.bukkit.plugin.java.JavaPluginLoader$1.execute(JavaPluginLoader.java:296) ~[craftbukkit-1.12.2.jar:git-Bukkit-809c399]
	... 26 more
[18:31:13] [Server thread/INFO]: [MGlolenstine: Killed Iron Golem]
[18:31:13] [Server thread/ERROR]: Could not pass event EntityDeathEvent to IGSpawners v1.0
org.bukkit.event.EventException: null
	at org.bukkit.plugin.java.JavaPluginLoader$1.execute(JavaPluginLoader.java:298) ~[craftbukkit-1.12.2.jar:git-Bukkit-809c399]
	at org.bukkit.plugin.RegisteredListener.callEvent(RegisteredListener.java:62) ~[craftbukkit-1.12.2.jar:git-Bukkit-809c399]
	at org.bukkit.plugin.SimplePluginManager.fireEvent(SimplePluginManager.java:499) [craftbukkit-1.12.2.jar:git-Bukkit-809c399]
	at org.bukkit.plugin.SimplePluginManager.callEvent(SimplePluginManager.java:484) [craftbukkit-1.12.2.jar:git-Bukkit-809c399]
	at org.bukkit.craftbukkit.v1_12_R1.event.CraftEventFactory.callEntityDeathEvent(CraftEventFactory.java:395) [craftbukkit-1.12.2.jar:git-Bukkit-809c399]
	at net.minecraft.server.v1_12_R1.EntityLiving.die(EntityLiving.java:1104) [craftbukkit-1.12.2.jar:git-Bukkit-809c399]
	at net.minecraft.server.v1_12_R1.EntityIronGolem.die(EntityIronGolem.java:193) [craftbukkit-1.12.2.jar:git-Bukkit-809c399]
	at net.minecraft.server.v1_12_R1.EntityLiving.damageEntity(EntityLiving.java:946) [craftbukkit-1.12.2.jar:git-Bukkit-809c399]
	at net.minecraft.server.v1_12_R1.EntityLiving.killEntity(EntityLiving.java:125) [craftbukkit-1.12.2.jar:git-Bukkit-809c399]
	at net.minecraft.server.v1_12_R1.CommandKill.execute(SourceFile:41) [craftbukkit-1.12.2.jar:git-Bukkit-809c399]
	at org.bukkit.craftbukkit.v1_12_R1.command.VanillaCommandWrapper.dispatchVanillaCommand(VanillaCommandWrapper.java:94) [craftbukkit-1.12.2.jar:git-Bukkit-809c399]
	at org.bukkit.craftbukkit.v1_12_R1.command.VanillaCommandWrapper.execute(VanillaCommandWrapper.java:38) [craftbukkit-1.12.2.jar:git-Bukkit-809c399]
	at org.bukkit.command.SimpleCommandMap.dispatch(SimpleCommandMap.java:140) [craftbukkit-1.12.2.jar:git-Bukkit-809c399]
	at org.bukkit.craftbukkit.v1_12_R1.CraftServer.dispatchCommand(CraftServer.java:629) [craftbukkit-1.12.2.jar:git-Bukkit-809c399]
	at net.minecraft.server.v1_12_R1.PlayerConnection.handleCommand(PlayerConnection.java:1338) [craftbukkit-1.12.2.jar:git-Bukkit-809c399]
	at net.minecraft.server.v1_12_R1.PlayerConnection.a(PlayerConnection.java:1198) [craftbukkit-1.12.2.jar:git-Bukkit-809c399]
	at net.minecraft.server.v1_12_R1.PacketPlayInChat.a(SourceFile:37) [craftbukkit-1.12.2.jar:git-Bukkit-809c399]
	at net.minecraft.server.v1_12_R1.PacketPlayInChat.a(SourceFile:9) [craftbukkit-1.12.2.jar:git-Bukkit-809c399]
	at net.minecraft.server.v1_12_R1.PlayerConnectionUtils$1.run(SourceFile:13) [craftbukkit-1.12.2.jar:git-Bukkit-809c399]
	at java.util.concurrent.Executors$RunnableAdapter.call(Unknown Source) [?:1.8.0_151]
	at java.util.concurrent.FutureTask.run(Unknown Source) [?:1.8.0_151]
	at net.minecraft.server.v1_12_R1.SystemUtils.a(SourceFile:46) [craftbukkit-1.12.2.jar:git-Bukkit-809c399]
	at net.minecraft.server.v1_12_R1.MinecraftServer.D(MinecraftServer.java:696) [craftbukkit-1.12.2.jar:git-Bukkit-809c399]
	at net.minecraft.server.v1_12_R1.DedicatedServer.D(DedicatedServer.java:371) [craftbukkit-1.12.2.jar:git-Bukkit-809c399]
	at net.minecraft.server.v1_12_R1.MinecraftServer.C(MinecraftServer.java:651) [craftbukkit-1.12.2.jar:git-Bukkit-809c399]
	at net.minecraft.server.v1_12_R1.MinecraftServer.run(MinecraftServer.java:555) [craftbukkit-1.12.2.jar:git-Bukkit-809c399]
	at java.lang.Thread.run(Unknown Source) [?:1.8.0_151]
Caused by: java.lang.NullPointerException
	at xyz.mglolenstine.igspawners.MyListener.onMobDeath(MyListener.java:115) ~[?:?]
	at sun.reflect.GeneratedMethodAccessor8.invoke(Unknown Source) ~[?:?]
	at sun.reflect.DelegatingMethodAccessorImpl.invoke(Unknown Source) ~[?:1.8.0_151]
	at java.lang.reflect.Method.invoke(Unknown Source) ~[?:1.8.0_151]
	at org.bukkit.plugin.java.JavaPluginLoader$1.execute(JavaPluginLoader.java:296) ~[craftbukkit-1.12.2.jar:git-Bukkit-809c399]
	... 26 more
[18:31:13] [Server thread/INFO]: [MGlolenstine: Killed Iron Golem]
[18:31:28] [Server thread/INFO]: MGlolenstine issued server command: /igspawners info
[18:33:18] [Server thread/INFO]: MGlolenstine issued server command: /summon rabbit ~ ~ ~ {RabbitType:99}
[18:33:18] [Server thread/INFO]: [MGlolenstine: Object successfully summoned]
[18:33:29] [Server thread/INFO]: MGlolenstine issued server command: /summon rabbit ~ ~ ~ {RabbitType:99}
[18:33:29] [Server thread/INFO]: [MGlolenstine: Object successfully summoned]
[18:33:29] [Server thread/INFO]: MGlolenstine issued server command: /summon rabbit ~ ~ ~ {RabbitType:99}
[18:33:29] [Server thread/INFO]: [MGlolenstine: Object successfully summoned]
[18:33:30] [Server thread/INFO]: MGlolenstine issued server command: /summon rabbit ~ ~ ~ {RabbitType:99}
[18:33:30] [Server thread/INFO]: [MGlolenstine: Object successfully summoned]
[18:33:30] [Server thread/INFO]: MGlolenstine issued server command: /summon rabbit ~ ~ ~ {RabbitType:99}
[18:33:30] [Server thread/INFO]: [MGlolenstine: Object successfully summoned]
[18:33:30] [Server thread/INFO]: MGlolenstine issued server command: /summon rabbit ~ ~ ~ {RabbitType:99}
[18:33:30] [Server thread/INFO]: [MGlolenstine: Object successfully summoned]
[18:33:31] [Server thread/INFO]: MGlolenstine issued server command: /summon rabbit ~ ~ ~ {RabbitType:99}
[18:33:31] [Server thread/INFO]: [MGlolenstine: Object successfully summoned]
[18:33:31] [Server thread/INFO]: MGlolenstine issued server command: /summon rabbit ~ ~ ~ {RabbitType:99}
[18:33:31] [Server thread/INFO]: [MGlolenstine: Object successfully summoned]
[18:33:31] [Server thread/INFO]: MGlolenstine issued server command: /summon rabbit ~ ~ ~ {RabbitType:99}
[18:33:31] [Server thread/INFO]: [MGlolenstine: Object successfully summoned]
[18:33:32] [Server thread/INFO]: MGlolenstine issued server command: /summon rabbit ~ ~ ~ {RabbitType:99}
[18:33:32] [Server thread/INFO]: [MGlolenstine: Object successfully summoned]
[18:33:32] [Server thread/INFO]: MGlolenstine issued server command: /summon rabbit ~ ~ ~ {RabbitType:99}
[18:33:32] [Server thread/INFO]: [MGlolenstine: Object successfully summoned]
[18:33:33] [Server thread/INFO]: MGlolenstine issued server command: /summon rabbit ~ ~ ~ {RabbitType:99}
[18:33:33] [Server thread/INFO]: [MGlolenstine: Object successfully summoned]
[18:33:42] [Server thread/INFO]: MGlolenstine issued server command: /gamemode 0
[18:33:42] [Server thread/INFO]: [MGlolenstine: Set own game mode to Survival Mode]
[18:33:44] [Server thread/INFO]: MGlolenstine was slain by The Killer Bunny
[18:34:47] [Server thread/INFO]: MGlolenstine issued server command: /gamemode 1
[18:34:47] [Server thread/INFO]: [MGlolenstine: Set own game mode to Creative Mode]
[18:34:58] [Server thread/INFO]: MGlolenstine issued server command: /kill @e[type=rabbit]
[18:34:58] [Server thread/INFO]: [MGlolenstine: Killed The Killer Bunny]
[18:34:58] [Server thread/INFO]: [MGlolenstine: Killed The Killer Bunny]
[18:34:58] [Server thread/INFO]: [MGlolenstine: Killed The Killer Bunny]
[18:34:58] [Server thread/INFO]: [MGlolenstine: Killed The Killer Bunny]
[18:34:58] [Server thread/INFO]: [MGlolenstine: Killed The Killer Bunny]
[18:34:58] [Server thread/INFO]: [MGlolenstine: Killed The Killer Bunny]
[18:34:58] [Server thread/INFO]: [MGlolenstine: Killed The Killer Bunny]
[18:34:58] [Server thread/INFO]: [MGlolenstine: Killed The Killer Bunny]
[18:34:58] [Server thread/INFO]: [MGlolenstine: Killed The Killer Bunny]
[18:34:58] [Server thread/INFO]: [MGlolenstine: Killed The Killer Bunny]
[18:34:58] [Server thread/INFO]: [MGlolenstine: Killed The Killer Bunny]
[18:35:13] [Server thread/INFO]: MGlolenstine issued server command: /summon villager_golem ~ ~ ~ {RabbitType:99}
[18:35:13] [Server thread/INFO]: [MGlolenstine: Object successfully summoned]
[18:35:18] [Server thread/INFO]: MGlolenstine issued server command: /kill @e[type=villager_Golem]
[18:35:18] [Server thread/ERROR]: Could not pass event EntityDeathEvent to IGSpawners v1.0
org.bukkit.event.EventException: null
	at org.bukkit.plugin.java.JavaPluginLoader$1.execute(JavaPluginLoader.java:298) ~[craftbukkit-1.12.2.jar:git-Bukkit-809c399]
	at org.bukkit.plugin.RegisteredListener.callEvent(RegisteredListener.java:62) ~[craftbukkit-1.12.2.jar:git-Bukkit-809c399]
	at org.bukkit.plugin.SimplePluginManager.fireEvent(SimplePluginManager.java:499) [craftbukkit-1.12.2.jar:git-Bukkit-809c399]
	at org.bukkit.plugin.SimplePluginManager.callEvent(SimplePluginManager.java:484) [craftbukkit-1.12.2.jar:git-Bukkit-809c399]
	at org.bukkit.craftbukkit.v1_12_R1.event.CraftEventFactory.callEntityDeathEvent(CraftEventFactory.java:395) [craftbukkit-1.12.2.jar:git-Bukkit-809c399]
	at net.minecraft.server.v1_12_R1.EntityLiving.die(EntityLiving.java:1104) [craftbukkit-1.12.2.jar:git-Bukkit-809c399]
	at net.minecraft.server.v1_12_R1.EntityIronGolem.die(EntityIronGolem.java:193) [craftbukkit-1.12.2.jar:git-Bukkit-809c399]
	at net.minecraft.server.v1_12_R1.EntityLiving.damageEntity(EntityLiving.java:946) [craftbukkit-1.12.2.jar:git-Bukkit-809c399]
	at net.minecraft.server.v1_12_R1.EntityLiving.killEntity(EntityLiving.java:125) [craftbukkit-1.12.2.jar:git-Bukkit-809c399]
	at net.minecraft.server.v1_12_R1.CommandKill.execute(SourceFile:41) [craftbukkit-1.12.2.jar:git-Bukkit-809c399]
	at org.bukkit.craftbukkit.v1_12_R1.command.VanillaCommandWrapper.dispatchVanillaCommand(VanillaCommandWrapper.java:94) [craftbukkit-1.12.2.jar:git-Bukkit-809c399]
	at org.bukkit.craftbukkit.v1_12_R1.command.VanillaCommandWrapper.execute(VanillaCommandWrapper.java:38) [craftbukkit-1.12.2.jar:git-Bukkit-809c399]
	at org.bukkit.command.SimpleCommandMap.dispatch(SimpleCommandMap.java:140) [craftbukkit-1.12.2.jar:git-Bukkit-809c399]
	at org.bukkit.craftbukkit.v1_12_R1.CraftServer.dispatchCommand(CraftServer.java:629) [craftbukkit-1.12.2.jar:git-Bukkit-809c399]
	at net.minecraft.server.v1_12_R1.PlayerConnection.handleCommand(PlayerConnection.java:1338) [craftbukkit-1.12.2.jar:git-Bukkit-809c399]
	at net.minecraft.server.v1_12_R1.PlayerConnection.a(PlayerConnection.java:1198) [craftbukkit-1.12.2.jar:git-Bukkit-809c399]
	at net.minecraft.server.v1_12_R1.PacketPlayInChat.a(SourceFile:37) [craftbukkit-1.12.2.jar:git-Bukkit-809c399]
	at net.minecraft.server.v1_12_R1.PacketPlayInChat.a(SourceFile:9) [craftbukkit-1.12.2.jar:git-Bukkit-809c399]
	at net.minecraft.server.v1_12_R1.PlayerConnectionUtils$1.run(SourceFile:13) [craftbukkit-1.12.2.jar:git-Bukkit-809c399]
	at java.util.concurrent.Executors$RunnableAdapter.call(Unknown Source) [?:1.8.0_151]
	at java.util.concurrent.FutureTask.run(Unknown Source) [?:1.8.0_151]
	at net.minecraft.server.v1_12_R1.SystemUtils.a(SourceFile:46) [craftbukkit-1.12.2.jar:git-Bukkit-809c399]
	at net.minecraft.server.v1_12_R1.MinecraftServer.D(MinecraftServer.java:696) [craftbukkit-1.12.2.jar:git-Bukkit-809c399]
	at net.minecraft.server.v1_12_R1.DedicatedServer.D(DedicatedServer.java:371) [craftbukkit-1.12.2.jar:git-Bukkit-809c399]
	at net.minecraft.server.v1_12_R1.MinecraftServer.C(MinecraftServer.java:651) [craftbukkit-1.12.2.jar:git-Bukkit-809c399]
	at net.minecraft.server.v1_12_R1.MinecraftServer.run(MinecraftServer.java:555) [craftbukkit-1.12.2.jar:git-Bukkit-809c399]
	at java.lang.Thread.run(Unknown Source) [?:1.8.0_151]
Caused by: java.lang.NullPointerException
	at xyz.mglolenstine.igspawners.MyListener.onMobDeath(MyListener.java:115) ~[?:?]
	at sun.reflect.GeneratedMethodAccessor8.invoke(Unknown Source) ~[?:?]
	at sun.reflect.DelegatingMethodAccessorImpl.invoke(Unknown Source) ~[?:1.8.0_151]
	at java.lang.reflect.Method.invoke(Unknown Source) ~[?:1.8.0_151]
	at org.bukkit.plugin.java.JavaPluginLoader$1.execute(JavaPluginLoader.java:296) ~[craftbukkit-1.12.2.jar:git-Bukkit-809c399]
	... 26 more
[18:35:18] [Server thread/INFO]: [MGlolenstine: Killed Iron Golem]
[18:35:46] [Server thread/INFO]: MGlolenstine issued server command: /summon giant ~ ~ ~ {RabbitType:99}
[18:35:46] [Server thread/INFO]: [MGlolenstine: Object successfully summoned]
[18:36:26] [Server thread/INFO]: MGlolenstine issued server command: /summon armor_stand
[18:36:26] [Server thread/INFO]: [MGlolenstine: Object successfully summoned]
[18:36:46] [Server thread/INFO]: MGlolenstine issued server command: /summon armor_stand ~ ~ ~1 {ArmorItems:[{id:diamond_boots,Count:1},{id:diamond_leggings,Count:1},{id:diamond_chestplate,Count:1},{id:diamond_helmet,Count:1}]}
[18:36:46] [Server thread/INFO]: [MGlolenstine: Object successfully summoned]
[18:36:49] [Server thread/INFO]: MGlolenstine has made the advancement [Cover Me With Diamonds]
[18:37:28] [Server thread/INFO]: MGlolenstine issued server command: /summon armor_stand ~ ~ ~1 {ArmorItems:[{id:diamond_boots,Count:64},{id:diamond_leggings,Count:64},{id:diamond_chestplate,Count:64},{id:diamond_helmet,Count:64}]}
[18:37:28] [Server thread/INFO]: [MGlolenstine: Object successfully summoned]
[18:39:48] [Server thread/INFO]: MGlolenstine issued server command: /reload
[18:39:48] [Server thread/INFO]: MGlolenstine: [0;31;1mPlease note that this command is not supported and may cause issues when using some plugins.[m
[18:39:48] [Server thread/INFO]: MGlolenstine: [0;31;1mIf you encounter any issues please use the /stop command to restart your server.[m
[18:39:48] [Server thread/INFO]: [[IGSpawners]] Disabling IGSpawners v1.0
[18:39:48] [Server thread/INFO]: [[IGSpawners]] Loading IGSpawners v1.0
[18:39:48] [Server thread/INFO]: [[IGSpawners]] Enabling IGSpawners v1.0
[18:39:48] [Server thread/INFO]: {"spawners":[]}
[18:39:48] [Server thread/INFO]: Server permissions file permissions.yml is empty, ignoring it
[18:39:48] [Server thread/INFO]: MGlolenstine: [0;32;1mReload complete.[m
[18:40:02] [Server thread/INFO]: MGlolenstine issued server command: /igspawners hand 3
[18:40:06] [Server thread/INFO]: spawner_level: 3
[18:40:06] [Server thread/INFO]: Added spawner!
[18:40:55] [Server thread/INFO]: Block broken at Location{world=CraftWorld{name=world},x=217.0,y=65.0,z=180.0,pitch=0.0,yaw=0.0} was a Mob spawner!
[18:40:55] [Server thread/INFO]: This Mob spawner was registered!
[18:40:55] [Server thread/INFO]: Removed level 3 spawner!
[18:41:06] [Server thread/INFO]: Stopping the server
[18:41:06] [Server thread/INFO]: Stopping server
[18:41:06] [Server thread/INFO]: [[IGSpawners]] Disabling IGSpawners v1.0
[18:41:06] [Server thread/INFO]: Saving players
[18:41:06] [Server thread/INFO]: MGlolenstine lost connection: Server closed
[18:41:06] [Server thread/INFO]: MGlolenstine left the game
[18:41:07] [Server thread/INFO]: Saving worlds
[18:41:07] [Server thread/INFO]: Saving chunks for level 'world'/overworld
[18:41:07] [Server thread/INFO]: Saving chunks for level 'world_nether'/the_nether
[18:41:07] [Server thread/INFO]: Saving chunks for level 'world_the_end'/the_end
